Filename                                                         Regions    Missed Regions     Cover   Functions  Missed Functions  Executed       Lines      Missed Lines     Cover
------------------------------------------------------------------------------------------------------------------------------------------------------------------------------------------------------------------------------
MongoClient/Authenticate+ChallengeResponse.swift                       7                 7     0.00%           4                 4     0.00%          64                64     0.00%
MongoClient/Authenticate+SASL.swift                                   61                31    49.18%          14                 4    71.43%         250                47    81.20%
MongoClient/Authenticate.swift                                        40                23    42.50%           3                 1    66.67%          71                30    57.75%
MongoClient/Channel+Connection.swift                                   9                 5    44.44%           4                 2    50.00%          26                13    50.00%
MongoClient/Cluster.swift                                            134                75    44.03%          61                29    52.46%         471               219    53.50%
MongoClient/Connection+Execute.swift                                  33                19    42.42%          12                 8    33.33%         116                60    48.28%
MongoClient/Connection.swift                                          53                24    54.72%          34                11    67.65%         240                50    79.17%
MongoClient/ConnectionContext.swift                                   20                12    40.00%          12                 6    50.00%          48                27    43.75%
MongoClient/ConnectionPool.swift                                       3                 2    33.33%           3                 2    33.33%           9                 6    33.33%
MongoClient/Cursor.swift                                              10                 7    30.00%           6                 4    33.33%          60                46    23.33%
MongoClient/Error.swift                                               10                10     0.00%           2                 2     0.00%          21                21     0.00%
MongoClient/Helpers.swift                                             24                10    58.33%           8                 1    87.50%          56                12    78.57%
MongoClient/InternalCommands/GetMore.swift                             1                 1     0.00%           1                 1     0.00%           5                 5     0.00%
MongoClient/InternalCommands/IsMaster.swift                            6                 5    16.67%           6                 5    16.67%          11                 7    36.36%
MongoClient/InternalCommands/KillCursors.swift                         1                 1     0.00%           1                 1     0.00%           4                 4     0.00%
MongoClient/Responses/MongoCursorResponse.swift                        1                 1     0.00%           1                 1     0.00%           5                 5     0.00%
MongoClient/Responses/OK.swift                                         1                 1     0.00%           1                 1     0.00%           4                 4     0.00%
MongoClient/SASL.swift                                                48                13    72.92%          17                 3    82.35%         200                20    90.00%
MongoCore/CommandPrimitives.swift                                      2                 2     0.00%           2                 2     0.00%           9                 9     0.00%
MongoCore/Error.swift                                                 59                59     0.00%          12                12     0.00%         134               134     0.00%
MongoCore/MongoReplyDeserializer.swift                                21                 9    57.14%           5                 2    60.00%          54                16    70.37%
MongoCore/Primitives/Collation.swift                                   1                 1     0.00%           1                 1     0.00%           3                 3     0.00%
MongoCore/Primitives/ConnectionSettings.swift                         70                35    50.00%           8                 1    87.50%         209                90    56.94%
MongoCore/Primitives/Namespace.swift                                   6                 4    33.33%           4                 2    50.00%          22                15    31.82%
MongoCore/Primitives/ReadConcern.swift                                 2                 2     0.00%           2                 2     0.00%           6                 6     0.00%
MongoCore/Primitives/WireVersion.swift                                23                18    21.74%          23                18    21.74%          36                20    44.44%
MongoCore/Primitives/WriteConcern.swift                                9                 9     0.00%           6                 6     0.00%          23                23     0.00%
MongoCore/Protocol/MessageHeader.swift                                 3                 0   100.00%           3                 0   100.00%          15                 0   100.00%
MongoCore/Protocol/MongoReply.swift                                   13                 1    92.31%           2                 0   100.00%          27                 1    96.30%
MongoCore/Protocol/OpMessage.swift                                    56                29    48.21%          27                17    37.04%         193                81    58.03%
MongoCore/Protocol/OpQuery.swift                                      13                 9    30.77%           5                 2    60.00%          72                41    43.06%
MongoCore/Protocol/OpReply.swift                                       9                 5    44.44%           5                 2    60.00%          57                27    52.63%
MongoCore/Protocol/ProtocolHelpers.swift                              23                12    47.83%          10                 3    70.00%          82                36    56.10%
MongoCore/Sessions.swift                                              20                 8    60.00%          16                 4    75.00%          86                30    65.12%
MongoCore/Tansaction.swift                                             3                 3     0.00%           3                 3     0.00%          10                10     0.00%
MongoKitten/Aggregate.swift                                           23                23     0.00%          21                21     0.00%         137               137     0.00%
MongoKitten/AggregateBuilder.swift                                    27                27     0.00%          23                23     0.00%         112               112     0.00%
MongoKitten/AggregateStage.swift                                      28                28     0.00%          18                18     0.00%         122               122     0.00%
MongoKitten/ChangeStream.swift                                        16                16     0.00%           7                 7     0.00%          71                71     0.00%
MongoKitten/CollectionHelpers/Collection+Count.swift                   7                 2    71.43%           5                 1    80.00%          27                 4    85.19%
MongoKitten/CollectionHelpers/Collection+Delete.swift                  8                 5    37.50%           8                 5    37.50%          44                25    43.18%
MongoKitten/CollectionHelpers/Collection+Distinct.swift                4                 4     0.00%           4                 4     0.00%          22                22     0.00%
MongoKitten/CollectionHelpers/Collection+Find.swift                   23                13    43.48%          23                13    43.48%         119                40    66.39%
MongoKitten/CollectionHelpers/Collection+FindAndModify.swift          18                18     0.00%          18                18     0.00%          95                95     0.00%
MongoKitten/CollectionHelpers/Collection+Indexes.swift                10                10     0.00%           8                 8     0.00%          86                86     0.00%
MongoKitten/CollectionHelpers/Collection+Insert.swift                 17                 6    64.71%           9                 1    88.89%          64                10    84.38%
MongoKitten/CollectionHelpers/Collection+Update.swift                 30                25    16.67%          21                17    19.05%         166               136    18.07%
MongoKitten/Cursor.swift                                              91                75    17.58%          54                40    25.93%         534               473    11.42%
MongoKitten/Error.swift                                                1                 1     0.00%           1                 1     0.00%           4                 4     0.00%
MongoKitten/GridFS/GridFSBucket.swift                                 20                20     0.00%          16                16     0.00%         127               127     0.00%
MongoKitten/GridFS/GridFSChunk.swift                                   4                 4     0.00%           4                 4     0.00%          22                22     0.00%
MongoKitten/GridFS/GridFSFile.swift                                   10                10     0.00%           8                 8     0.00%          56                56     0.00%
MongoKitten/GridFS/GridFSFileWriter.swift                             32                32     0.00%          18                18     0.00%         114               114     0.00%
MongoKitten/GridFS/GridFSReader.swift                                  7                 7     0.00%           7                 7     0.00%          35                35     0.00%
MongoKitten/MongoCollection.swift                                     11                 7    36.36%          11                 7    36.36%          48                35    27.08%
MongoKitten/MongoDatabase.swift                                       69                49    28.99%          41                26    36.59%         314               223    28.98%
MongoKitten/MongoTransactionDatabase.swift                             9                 9     0.00%           9                 9     0.00%          44                44     0.00%
MongoKittenCore/Commands/Aggregate.swift                               2                 2     0.00%           2                 2     0.00%           5                 5     0.00%
MongoKittenCore/Commands/Count.swift                                   1                 0   100.00%           1                 0   100.00%           4                 0   100.00%
MongoKittenCore/Commands/CreateIndexes.swift                           4                 4     0.00%           4                 4     0.00%          17                17     0.00%
MongoKittenCore/Commands/Delete.swift                                  4                 2    50.00%           4                 2    50.00%          15                 5    66.67%
MongoKittenCore/Commands/Distinct.swift                                2                 2     0.00%           2                 2     0.00%           8                 8     0.00%
MongoKittenCore/Commands/Drop.swift                                    2                 1    50.00%           2                 1    50.00%           4                 3    25.00%
MongoKittenCore/Commands/Find.swift                                    2                 1    50.00%           2                 1    50.00%           5                 1    80.00%
MongoKittenCore/Commands/FindAndModify.swift                           2                 2     0.00%           2                 2     0.00%          16                16     0.00%
MongoKittenCore/Commands/Insert.swift                                  2                 1    50.00%           2                 1    50.00%           5                 1    80.00%
MongoKittenCore/Commands/ListCollections.swift                         1                 1     0.00%           1                 1     0.00%           1                 1     0.00%
MongoKittenCore/Commands/ListDatabases.swift                           1                 1     0.00%           1                 1     0.00%           1                 1     0.00%
MongoKittenCore/Commands/Update.swift                                  4                 2    50.00%           4                 2    50.00%          16                 8    50.00%
MongoKittenCore/Cursor.swift                                           1                 1     0.00%           1                 1     0.00%           1                 1     0.00%
MongoKittenCore/QueryPrimitives/Projection.swift                      35                35     0.00%          19                19     0.00%          82                82     0.00%
MongoKittenCore/QueryPrimitives/QueryBuilder.swift                    38                37     2.63%          38                37     2.63%         134               127     5.22%
MongoKittenCore/QueryPrimitives/Sort.swift                            15                15     0.00%           8                 8     0.00%          35                35     0.00%
_MongoKittenCrypto/HMAC.swift                                          6                 1    83.33%           2                 0   100.00%          25                 1    96.00%
_MongoKittenCrypto/Hash.swift                                         15                 0   100.00%           6                 0   100.00%          85                 0   100.00%
_MongoKittenCrypto/Hex.swift                                           3                 0   100.00%           1                 0   100.00%          11                 0   100.00%
_MongoKittenCrypto/MD5.swift                                          14                 0   100.00%           7                 0   100.00%          78                 0   100.00%
_MongoKittenCrypto/PBKDF2.swift                                       35                10    71.43%          18                 7    61.11%         122                13    89.34%
_MongoKittenCrypto/SHA1.swift                                         16                 0   100.00%           7                 0   100.00%         103                 0   100.00%
_MongoKittenCrypto/SHA256.swift                                       13                 0   100.00%           7                 0   100.00%         106                 0   100.00%
------------------------------------------------------------------------------------------------------------------------------------------------------------------------------------------------------------------------------
TOTAL                                                               1478               962    34.91%         799               526    34.17%        5941              3500    41.09%
